2025-06-25 16:53:57,545 - semgrep.run_scan - DEBUG - semgrep version 1.4.0
2025-06-25 16:53:57,552 - semgrep.git - DEBUG - Failed to get project url from 'git ls-remote': Command failed with exit code: 128
-----
Command failed with output:
fatal: No remote configured to list refs from.


Failed to run 'git ls-remote --get-url'. Possible reasons:

- the git binary is not available
- the current working directory is not a git repository
- the baseline commit is not a parent of the current commit
    (if you are running through semgrep-app, check if you are setting `SEMGREP_BRANCH` or `SEMGREP_BASELINE_COMMIT` properly)
- the current working directory is not marked as safe
    (fix with `git config --global --add safe.directory $(pwd)`)

Try running the command yourself to debug the issue.
2025-06-25 16:53:57,553 - semgrep.config_resolver - DEBUG - Loading local config from /home/runner/workspace/.config/.semgrep/semgrep_rules.json
2025-06-25 16:53:57,563 - semgrep.config_resolver - DEBUG - Done loading local config from /home/runner/workspace/.config/.semgrep/semgrep_rules.json
2025-06-25 16:53:57,568 - semgrep.config_resolver - DEBUG - Saving rules to /tmp/semgrep-71krg01q.rules
2025-06-25 16:53:58,525 - semgrep.rule_lang - DEBUG - semgrep-core validation response: valid=True
2025-06-25 16:53:58,526 - semgrep.rule_lang - DEBUG - semgrep-core validation succeeded
2025-06-25 16:53:58,526 - semgrep.rule_lang - DEBUG - RPC validation succeeded
2025-06-25 16:53:58,528 - semgrep.config_resolver - DEBUG - loaded 1 configs in 0.9752628803253174
2025-06-25 16:53:58,668 - semgrep.run_scan - VERBOSE - running 714 rules from 1 config /home/runner/workspace/.config/.semgrep/semgrep_rules.json_0
2025-06-25 16:53:58,669 - semgrep.run_scan - VERBOSE - No .semgrepignore found. Using default .semgrepignore rules. See the docs for the list of default ignores: https://semgrep.dev/docs/cli-usage/#ignore-files
2025-06-25 16:53:58,671 - semgrep.run_scan - VERBOSE - Rules:
2025-06-25 16:53:58,672 - semgrep.run_scan - VERBOSE - <SKIPPED DATA (too many entries; use --max-log-list-entries)>
2025-06-25 16:53:59,137 - semgrep.core_runner - DEBUG - Passing whole rules directly to semgrep_core
2025-06-25 16:53:59,302 - semgrep.core_runner - DEBUG - Running Semgrep engine with command:
2025-06-25 16:53:59,302 - semgrep.core_runner - DEBUG - /tmp/_MEIkgqMy9/semgrep/bin/opengrep-core -json -rules /tmp/tmpqoet_wqq.json -j 8 -targets /tmp/tmppn0_4o8w -timeout 5 -timeout_threshold 3 -max_memory 0 -fast
2025-06-25 16:54:12,600 - semgrep.core_runner - DEBUG - --- semgrep-core stderr ---
[00.08][[34mINFO[0m]: Executed as: /tmp/_MEIkgqMy9/semgrep/bin/opengrep-core -json -rules /tmp/tmpqoet_wqq.json -j 8 -targets /tmp/tmppn0_4o8w -timeout 5 -timeout_threshold 3 -max_memory 0 -fast
[00.08][[34mINFO[0m]: Version: 1.4.0
[00.08][[34mINFO[0m]: Parsing rules in /tmp/tmpqoet_wqq.json
[00.58][[34mINFO[0m]: scan: processing 330 files (skipping 0), with 456 rules (skipping 0 )
[04.39][[33mWARNING[0m]: Fixpoint timeout while performing taint analysis [rule: config..semgrep.vendored-rules.javascript.lang.security.audit.unsafe-formatstring file: client/src/pages/home.tsx func: Home:18147]
[0m[04.80][[33mWARNING[0m]: Fixpoint timeout while performing taint analysis [rule: config..semgrep.vendored-rules.javascript.express.security.injection.tainted-sql-string file: client/src/pages/home.tsx func: Home:18147]
[0m[05.16][[33mWARNING[0m]: Fixpoint timeout while performing taint analysis [rule: config..semgrep.vendored-rules.javascript.express.security.injection.raw-html-format file: client/src/pages/home.tsx func: Home:18147]
[0m[05.53][[33mWARNING[0m]: Fixpoint timeout while performing taint analysis [rule: config..semgrep.vendored-rules.typescript.react.security.audit.react-unsanitized-method file: client/src/pages/landing.tsx func: Landing:22706]
[0m[05.60][[33mWARNING[0m]: Fixpoint timeout while performing taint analysis [rule: config..semgrep.vendored-rules.typescript.react.security.audit.react-unsanitized-method file: client/src/components/BonitaChat.tsx func: BonitaChat:20574]
[0m[05.75][[33mWARNING[0m]: Fixpoint timeout while performing taint analysis [rule: config..semgrep.vendored-rules.javascript.express.security.audit.xss.direct-response-write file: client/src/pages/home.tsx func: Home:18147]
[0m[05.89][[33mWARNING[0m]: Fixpoint timeout while performing taint analysis [rule: config..semgrep.vendored-rules.javascript.lang.security.audit.unsafe-formatstring file: client/src/components/BonitaChat.tsx func: BonitaChat:20574]
[0m[06.17][[33mWARNING[0m]: Fixpoint timeout while performing taint analysis [rule: config..semgrep.vendored-rules.javascript.lang.security.audit.detect-non-literal-require file: client/src/components/BonitaChat.tsx func: BonitaChat:20574]
[0m[06.44][[33mWARNING[0m]: Fixpoint timeout while performing taint analysis [rule: config..semgrep.vendored-rules.javascript.lang.security.audit.detect-non-literal-regexp file: client/src/components/BonitaChat.tsx func: BonitaChat:20574]
[0m[06.48][[33mWARNING[0m]: Fixpoint timeout while performing taint analysis [rule: config..semgrep.vendored-rules.javascript.express.security.x-frame-options-misconfiguration file: client/src/pages/home.tsx func: Home:18147]
[0m[06.71][[33mWARNING[0m]: Fixpoint timeout while performing taint analysis [rule: config..semgrep.vendored-rules.javascript.express.security.require-request file: client/src/pages/home.tsx func: Home:18147]
[0m[09.72][[33mWARNING[0m]: Fixpoint timeout while performing taint analysis [rule: config..semgrep.vendored-rules.typescript.react.security.audit.react-href-var file: client/src/components/ImageGenerator.tsx func: ???]
[0m[10.99][[33mWARNING[0m]: Fixpoint timeout while performing taint analysis [rule: config..semgrep.vendored-rules.typescript.react.security.audit.react-href-var file: client/src/components/ImageGenerator.tsx func: ???]
[0m[12.14][[33mWARNING[0m]: Fixpoint timeout while performing taint analysis [rule: config..semgrep.vendored-rules.javascript.express.security.injection.raw-html-format file: client/src/components/ImageGenerator.tsx func: ???]
[0m[12.84][[33mWARNING[0m]: Fixpoint timeout while performing taint analysis [rule: config..semgrep.vendored-rules.javascript.express.security.injection.raw-html-format file: client/src/components/ImageGenerator.tsx func: ???]
[0m--- end semgrep-core stderr ---
2025-06-25 16:54:12,605 - semgrep.rule_match - DEBUG - match_key = ('', PosixPath('client/index.html'), 'config..semgrep.vendored-rules.html.security.audit.missing-integrity') match_id = 0ee74fd49637bebe183eca7188dbde26e386314e62cc2e7ba1ee60b377b638243fcd84e6c6fa04886198ccacfa6a711bfbcc61a28f9ddc913d5b3c53083cbc90_0
2025-06-25 16:54:12,606 - semgrep.rule_match - DEBUG - match_key = (' type="text/javascript" src="https://replit.com/public/js/replit-dev-banner.js" (?is).*integrity= (google-analytics\\.com|fonts\\.googleapis\\.com|fonts\\.gstatic\\.com|googletagmanager\\.com) .*rel\\s*=\\s*[\'"]?preconnect.* href="... :// ..." href="//..." href=\'... :// ...\' href=\'//...\' src="... :// ..." src="//..." src=\'... :// ...\' src=\'//...\' <link  type="text/javascript" src="https://replit.com/public/js/replit-dev-banner.js" > <script  type="text/javascript" src="https://replit.com/public/js/replit-dev-banner.js" >...</script>', PosixPath('client/index.html'), 'config..semgrep.vendored-rules.html.security.audit.missing-integrity') match_id = 0728b64e224596592d04447ba8a642ff94e1fb9fcc07be26d49dc7e7f6898e638ad16ffcaca086932c58f4c6400fe32603323afef02cf9bfebcb0e4a53562a40_0
2025-06-25 16:54:12,606 - semgrep.rule_match - DEBUG - match_key = (' type="text/javascript" src="https://replit.com/public/js/replit-dev-banner.js" (?is).*integrity= (google-analytics\\.com|fonts\\.googleapis\\.com|fonts\\.gstatic\\.com|googletagmanager\\.com) .*rel\\s*=\\s*[\'"]?preconnect.* href="... :// ..." href="//..." href=\'... :// ...\' href=\'//...\' src="... :// ..." src="//..." src=\'... :// ...\' src=\'//...\' <link  type="text/javascript" src="https://replit.com/public/js/replit-dev-banner.js" > <script  type="text/javascript" src="https://replit.com/public/js/replit-dev-banner.js" >...</script>', PosixPath('client/index.html'), 'config..semgrep.vendored-rules.html.security.audit.missing-integrity') match_id = 0728b64e224596592d04447ba8a642ff94e1fb9fcc07be26d49dc7e7f6898e638ad16ffcaca086932c58f4c6400fe32603323afef02cf9bfebcb0e4a53562a40_0
2025-06-25 16:54:12,607 - semgrep.rule_match - DEBUG - match_key = (' type="text/javascript" src="https://replit.com/public/js/replit-dev-banner.js" (?is).*integrity= (google-analytics\\.com|fonts\\.googleapis\\.com|fonts\\.gstatic\\.com|googletagmanager\\.com) .*rel\\s*=\\s*[\'"]?preconnect.* href="... :// ..." href="//..." href=\'... :// ...\' href=\'//...\' src="... :// ..." src="//..." src=\'... :// ...\' src=\'//...\' <link  type="text/javascript" src="https://replit.com/public/js/replit-dev-banner.js" > <script  type="text/javascript" src="https://replit.com/public/js/replit-dev-banner.js" >...</script>', PosixPath('client/index.html'), 'config..semgrep.vendored-rules.html.security.audit.missing-integrity') match_id = 0728b64e224596592d04447ba8a642ff94e1fb9fcc07be26d49dc7e7f6898e638ad16ffcaca086932c58f4c6400fe32603323afef02cf9bfebcb0e4a53562a40_0
2025-06-25 16:54:12,607 - semgrep.rule_match - DEBUG - match_key = ('', PosixPath('server/routes.ts'), 'config..semgrep.vendored-rules.javascript.express.security.audit.xss.direct-response-write') match_id = d5b6572ba4a994be33354fc771ff986d84c39f857ddb63dde87c25abb2461180b6f49aea3419a80261e5ae5bcbbc109d205b44eeb07f38d84b62ac01a6346f17_0
2025-06-25 16:54:12,608 - semgrep.rule_match - DEBUG - match_key = ("app.post(..., function $FUNC(req, res) {\n    ...\n    res.$SET('Content-Type', '$TYPE')\n})\n app.post(..., function $FUNC(req, res) {\n    ...\n    res.set('$TYPE')\n})\n app.post(..., function $FUNC(req, res) {...}) post ^(get|post|put|head|delete|options) function ... (req, res) {...} function ... (req, res, $NEXT) {...} req.body req.params req.query function ... (req, res) {\n    ...\n    res.$SET('Content-Type', '$TYPE')\n}\n function ... (req, res) {\n    ...\n    res.set('$TYPE')\n}\n function ... (req, res, $NEXT) {\n    ...\n    res.$SET('Content-Type', '$TYPE')\n}\n function ... (req, res, $NEXT) {\n    ...\n    res.set('$TYPE')\n}\n req ({ req }: Request,res: Response) => {\n    ...\n    res.$SET('Content-Type', '$TYPE')\n}\n ({ req }: Request,res: Response) => {...}\n ({ req }: Request,res: Response, $NEXT: NextFunction) =>\n{...}\n ({ req }: Request,res: Response, $NEXT: NextFunction) =>\n{\n    ...\n    res.$SET('Content-Type', '$TYPE')\n}\n ({ req }: Request,res: Response, $NEXT: NextFunction) =>\n{\n    ...\n    res.set('$TYPE')\n}\n body params query audioBuffer res. ... .set('...'). ... .send(audioBuffer) res. ... .type('...'). ... .send(audioBuffer) res.post({ ... }) res.send(audioBuffer) res.write(audioBuffer) function ... (..., res,...) {...}", PosixPath('server/routes.ts'), 'config..semgrep.vendored-rules.javascript.express.security.audit.xss.direct-response-write') match_id = 54bcd4ed2af91c2e19231a14467e49d476d9c1ca5e8def90e61bf0a7751c07f09116e53d9f3ca508e648fb49046d95d1e20d42381f0dabd9f6ef517824070b42_0
2025-06-25 16:54:12,609 - semgrep.rule_match - DEBUG - match_key = ("app.post(..., function $FUNC(req, res) {\n    ...\n    res.$SET('Content-Type', '$TYPE')\n})\n app.post(..., function $FUNC(req, res) {\n    ...\n    res.set('$TYPE')\n})\n app.post(..., function $FUNC(req, res) {...}) post ^(get|post|put|head|delete|options) function ... (req, res) {...} function ... (req, res, $NEXT) {...} req.body req.params req.query function ... (req, res) {\n    ...\n    res.$SET('Content-Type', '$TYPE')\n}\n function ... (req, res) {\n    ...\n    res.set('$TYPE')\n}\n function ... (req, res, $NEXT) {\n    ...\n    res.$SET('Content-Type', '$TYPE')\n}\n function ... (req, res, $NEXT) {\n    ...\n    res.set('$TYPE')\n}\n req ({ req }: Request,res: Response) => {\n    ...\n    res.$SET('Content-Type', '$TYPE')\n}\n ({ req }: Request,res: Response) => {...}\n ({ req }: Request,res: Response, $NEXT: NextFunction) =>\n{...}\n ({ req }: Request,res: Response, $NEXT: NextFunction) =>\n{\n    ...\n    res.$SET('Content-Type', '$TYPE')\n}\n ({ req }: Request,res: Response, $NEXT: NextFunction) =>\n{\n    ...\n    res.set('$TYPE')\n}\n body params query audioBuffer res. ... .set('...'). ... .send(audioBuffer) res. ... .type('...'). ... .send(audioBuffer) res.post({ ... }) res.send(audioBuffer) res.write(audioBuffer) function ... (..., res,...) {...}", PosixPath('server/routes.ts'), 'config..semgrep.vendored-rules.javascript.express.security.audit.xss.direct-response-write') match_id = 54bcd4ed2af91c2e19231a14467e49d476d9c1ca5e8def90e61bf0a7751c07f09116e53d9f3ca508e648fb49046d95d1e20d42381f0dabd9f6ef517824070b42_0
2025-06-25 16:54:12,609 - semgrep.rule_match - DEBUG - match_key = ("app.post(..., function $FUNC(req, res) {\n    ...\n    res.$SET('Content-Type', '$TYPE')\n})\n app.post(..., function $FUNC(req, res) {\n    ...\n    res.set('$TYPE')\n})\n app.post(..., function $FUNC(req, res) {...}) post ^(get|post|put|head|delete|options) function ... (req, res) {...} function ... (req, res, $NEXT) {...} req.body req.params req.query function ... (req, res) {\n    ...\n    res.$SET('Content-Type', '$TYPE')\n}\n function ... (req, res) {\n    ...\n    res.set('$TYPE')\n}\n function ... (req, res, $NEXT) {\n    ...\n    res.$SET('Content-Type', '$TYPE')\n}\n function ... (req, res, $NEXT) {\n    ...\n    res.set('$TYPE')\n}\n req ({ req }: Request,res: Response) => {\n    ...\n    res.$SET('Content-Type', '$TYPE')\n}\n ({ req }: Request,res: Response) => {...}\n ({ req }: Request,res: Response, $NEXT: NextFunction) =>\n{...}\n ({ req }: Request,res: Response, $NEXT: NextFunction) =>\n{\n    ...\n    res.$SET('Content-Type', '$TYPE')\n}\n ({ req }: Request,res: Response, $NEXT: NextFunction) =>\n{\n    ...\n    res.set('$TYPE')\n}\n body params query audioBuffer res. ... .set('...'). ... .send(audioBuffer) res. ... .type('...'). ... .send(audioBuffer) res.post({ ... }) res.send(audioBuffer) res.write(audioBuffer) function ... (..., res,...) {...}", PosixPath('server/routes.ts'), 'config..semgrep.vendored-rules.javascript.express.security.audit.xss.direct-response-write') match_id = 54bcd4ed2af91c2e19231a14467e49d476d9c1ca5e8def90e61bf0a7751c07f09116e53d9f3ca508e648fb49046d95d1e20d42381f0dabd9f6ef517824070b42_0
2025-06-25 16:54:12,610 - semgrep.rule_match - DEBUG - match_key = ('', PosixPath('server/routes.ts'), 'config..semgrep.vendored-rules.javascript.lang.security.audit.unsafe-formatstring') match_id = e24e3288a32c9ad4921da20b227a0587a0596856ea79e7c29c73137fde834094f382cf9604ac765ec32471f83cf1196712bec140c3a2b18c933a6c2a040a826f_0
2025-06-25 16:54:12,610 - semgrep.rule_match - DEBUG - match_key = ('"..." + "..."\n $X + $Y $X.concat($Y) `...${...}...`\n $X.concat("...")\n ``Database save attempt retryCount failed:` $UTIL = require(\'util\')\n...\n $UTIL.format(``Database save attempt retryCount failed:`,dbError,...)\n console.error(``Database save attempt retryCount failed:`,dbError,...)\n', PosixPath('server/routes.ts'), 'config..semgrep.vendored-rules.javascript.lang.security.audit.unsafe-formatstring') match_id = 106246d4cd2a6578246f360ba13d1aa7aff27da03661a8e1bc53b7203ecc52dfea0d6f37e88ecd03f78e3266ea3bcd09e1590d216725fb3d867fe79032fb6752_0
2025-06-25 16:54:12,610 - semgrep.rule_match - DEBUG - match_key = ('"..." + "..."\n $X + $Y $X.concat($Y) `...${...}...`\n $X.concat("...")\n ``Database save attempt retryCount failed:` $UTIL = require(\'util\')\n...\n $UTIL.format(``Database save attempt retryCount failed:`,dbError,...)\n console.error(``Database save attempt retryCount failed:`,dbError,...)\n', PosixPath('server/routes.ts'), 'config..semgrep.vendored-rules.javascript.lang.security.audit.unsafe-formatstring') match_id = 106246d4cd2a6578246f360ba13d1aa7aff27da03661a8e1bc53b7203ecc52dfea0d6f37e88ecd03f78e3266ea3bcd09e1590d216725fb3d867fe79032fb6752_0
2025-06-25 16:54:12,611 - semgrep.rule_match - DEBUG - match_key = ('"..." + "..."\n $X + $Y $X.concat($Y) `...${...}...`\n $X.concat("...")\n ``Database save attempt retryCount failed:` $UTIL = require(\'util\')\n...\n $UTIL.format(``Database save attempt retryCount failed:`,dbError,...)\n console.error(``Database save attempt retryCount failed:`,dbError,...)\n', PosixPath('server/routes.ts'), 'config..semgrep.vendored-rules.javascript.lang.security.audit.unsafe-formatstring') match_id = 106246d4cd2a6578246f360ba13d1aa7aff27da03661a8e1bc53b7203ecc52dfea0d6f37e88ecd03f78e3266ea3bcd09e1590d216725fb3d867fe79032fb6752_0
2025-06-25 16:54:12,613 - semgrep.core_runner - DEBUG - semgrep ran in 0:00:13.476091 on 119 files
2025-06-25 16:54:12,614 - semgrep.core_runner - DEBUG - findings summary: 2 warning, 0 error, 1 info
2025-06-25 16:54:12,616 - semgrep.app.auth - DEBUG - Getting API token from settings file
2025-06-25 16:54:12,616 - semgrep.app.auth - DEBUG - No API token found in settings file
2025-06-25 16:54:12,733 - semgrep.output - VERBOSE - 
========================================
Files skipped:
========================================

  Always skipped by Opengrep:

   • <none>

  Skipped by .gitignore:
  (Disable by passing --no-git-ignore)

   • <all files not listed by `git ls-files` were skipped>

  Skipped by .semgrepignore:
  - https://semgrep.dev/docs/ignoring-files-folders-code/#understand-semgrep-defaults

   • <none>

  Skipped by --include patterns:

   • <none>

  Skipped by --exclude patterns:

   • <none>

  Files skipped due to insufficient read permissions:

   • <none>

  Skipped by limiting to files smaller than 1000000 bytes:
  (Adjust with the --max-target-bytes flag)

   • attached_assets/BonitaChatAI 2_1750771809472.zip

  Partially analyzed due to parsing or internal Opengrep errors

   • tailwind.config.ts (1 lines skipped)

2025-06-25 16:54:12,734 - semgrep.output - INFO - Some files were skipped or only partially analyzed.
  Scan was limited to files tracked by git.
  Partially scanned: 1 files only partially analyzed due to parsing or internal Opengrep errors
  Scan skipped: 1 files larger than 1.0 MB
  For a full list of skipped files, run opengrep with the --verbose flag.

Ran 437 rules on 119 files: 3 findings.
2025-06-25 16:54:12,735 - semgrep.app.version - DEBUG - Version cache does not exist
2025-06-25 16:54:12,749 - semgrep.metrics - VERBOSE - Not sending pseudonymous metrics since metrics are configured to OFF and registry usage is False
